<?xml version="1.0" encoding="UTF-8"?>
<!-- Generated by org.testng.reporters.JUnitReportReporter -->
<testsuite hostname="Alis-MacBook-Pro.local" failures="0" tests="15" name="co.ai4lyf.Testcases.SignUpTestcases" time="352.850" errors="0" timestamp="2024-12-24T19:02:36 PKT" skipped="0">
  <testcase classname="co.ai4lyf.Testcases.SignUpTestcases" name="HeadingVerification" time="23.319"/>
  <system-out/>
  <testcase classname="co.ai4lyf.Testcases.SignUpTestcases" name="NameLabelVerification" time="21.583"/>
  <system-out/>
  <testcase classname="co.ai4lyf.Testcases.SignUpTestcases" name="NamePlaceHolderVerification" time="21.181"/>
  <system-out/>
  <testcase classname="co.ai4lyf.Testcases.SignUpTestcases" name="EthnicityLabelVerification" time="23.200"/>
  <system-out/>
  <testcase classname="co.ai4lyf.Testcases.SignUpTestcases" name="EthnicityPlaceHolderVerification" time="23.172"/>
  <system-out/>
  <testcase classname="co.ai4lyf.Testcases.SignUpTestcases" name="EthnicityInformativeLogoVerification" time="21.399"/>
  <system-out/>
  <testcase classname="co.ai4lyf.Testcases.SignUpTestcases" name="MedicalConditionLabelVerification" time="22.388"/>
  <system-out/>
  <testcase classname="co.ai4lyf.Testcases.SignUpTestcases" name="MedicalConditionPlaceHolderVerification" time="22.214"/>
  <system-out/>
  <testcase classname="co.ai4lyf.Testcases.SignUpTestcases" name="MedicalConditionInformativeLogoVerification" time="22.038"/>
  <system-out/>
  <testcase classname="co.ai4lyf.Testcases.SignUpTestcases" name="EmptyName" time="23.648"/>
  <system-out/>
  <testcase classname="co.ai4lyf.Testcases.SignUpTestcases" name="EnterName" time="26.112"/>
  <system-out/>
  <testcase classname="co.ai4lyf.Testcases.SignUpTestcases" name="NumericName" time="25.206"/>
  <system-out/>
  <testcase classname="co.ai4lyf.Testcases.SignUpTestcases" name="SpecialCharaterName" time="26.279"/>
  <system-out/>
  <testcase classname="co.ai4lyf.Testcases.SignUpTestcases" name="NameMinValidation" time="26.369"/>
  <system-out/>
  <testcase classname="co.ai4lyf.Testcases.SignUpTestcases" name="NameMaxValidation" time="24.742"/>
  <system-out/>
</testsuite> <!-- co.ai4lyf.Testcases.SignUpTestcases -->
