<?xml version="1.0" encoding="UTF-8"?>
<!-- Generated by org.testng.reporters.JUnitReportReporter -->
<testsuite hostname="Alis-MacBook-Pro.local" failures="0" tests="8" name="co.ai4lyf.Testcases.OnBoardingCoughTrackerTestcases" time="104.015" errors="0" timestamp="2024-12-24T19:02:36 PKT" skipped="0">
  <testcase classname="co.ai4lyf.Testcases.OnBoardingCoughTrackerTestcases" name="LogoVerification" time="13.738"/>
  <system-out/>
  <testcase classname="co.ai4lyf.Testcases.OnBoardingCoughTrackerTestcases" name="HeadText" time="12.458"/>
  <system-out/>
  <testcase classname="co.ai4lyf.Testcases.OnBoardingCoughTrackerTestcases" name="ParaText1" time="9.558"/>
  <system-out/>
  <testcase classname="co.ai4lyf.Testcases.OnBoardingCoughTrackerTestcases" name="ParaText2" time="12.052"/>
  <system-out/>
  <testcase classname="co.ai4lyf.Testcases.OnBoardingCoughTrackerTestcases" name="SkipText" time="12.535"/>
  <system-out/>
  <testcase classname="co.ai4lyf.Testcases.OnBoardingCoughTrackerTestcases" name="NextText" time="13.271"/>
  <system-out/>
  <testcase classname="co.ai4lyf.Testcases.OnBoardingCoughTrackerTestcases" name="ClickSkipText" time="15.828"/>
  <system-out/>
  <testcase classname="co.ai4lyf.Testcases.OnBoardingCoughTrackerTestcases" name="ClickNextText" time="14.575"/>
  <system-out/>
</testsuite> <!-- co.ai4lyf.Testcases.OnBoardingCoughTrackerTestcases -->
