<?xml version="1.0" encoding="UTF-8"?>
<!-- Generated by org.testng.reporters.JUnitReportReporter -->
<testsuite hostname="Alis-MacBook-Pro.local" failures="0" tests="25" name="co.ai4lyf.Testcases.LoginTestcases" time="356.226" errors="0" timestamp="2024-12-24T19:02:36 PKT" skipped="0">
  <testcase classname="co.ai4lyf.Testcases.LoginTestcases" name="BackLogoClick" time="12.229"/>
  <system-out/>
  <testcase classname="co.ai4lyf.Testcases.LoginTestcases" name="BackLogoVerification" time="10.811"/>
  <system-out/>
  <testcase classname="co.ai4lyf.Testcases.LoginTestcases" name="LyfSuiteLogoVerification" time="12.987"/>
  <system-out/>
  <testcase classname="co.ai4lyf.Testcases.LoginTestcases" name="VerifyHeadingText" time="15.943"/>
  <system-out/>
  <testcase classname="co.ai4lyf.Testcases.LoginTestcases" name="VerifyParaText" time="11.889"/>
  <system-out/>
  <testcase classname="co.ai4lyf.Testcases.LoginTestcases" name="VerifyEmailLabelText" time="9.060"/>
  <system-out/>
  <testcase classname="co.ai4lyf.Testcases.LoginTestcases" name="VerifyEmailPlaceHolderText" time="12.680"/>
  <system-out/>
  <testcase classname="co.ai4lyf.Testcases.LoginTestcases" name="ValidEmail" time="22.595"/>
  <system-out/>
  <testcase classname="co.ai4lyf.Testcases.LoginTestcases" name="EmailWithoutDomain1" time="8.359"/>
  <system-out/>
  <testcase classname="co.ai4lyf.Testcases.LoginTestcases" name="EmailWithoutDomain2" time="14.556"/>
  <system-out/>
  <testcase classname="co.ai4lyf.Testcases.LoginTestcases" name="EmailWithoutDomain3" time="16.988"/>
  <system-out/>
  <testcase classname="co.ai4lyf.Testcases.LoginTestcases" name="EmailWithDomain1" time="13.953"/>
  <system-out/>
  <testcase classname="co.ai4lyf.Testcases.LoginTestcases" name="EmailWithOutDomain4" time="12.480"/>
  <system-out/>
  <testcase classname="co.ai4lyf.Testcases.LoginTestcases" name="EmailWithOutDomain5" time="15.932"/>
  <system-out/>
  <testcase classname="co.ai4lyf.Testcases.LoginTestcases" name="EmailWithOutDomain6" time="17.204"/>
  <system-out/>
  <testcase classname="co.ai4lyf.Testcases.LoginTestcases" name="EmailWithServer" time="14.307"/>
  <system-out/>
  <testcase classname="co.ai4lyf.Testcases.LoginTestcases" name="EmailWithDoubleDomain1" time="13.781"/>
  <system-out/>
  <testcase classname="co.ai4lyf.Testcases.LoginTestcases" name="EmailWithDoubleDomain2" time="16.192"/>
  <system-out/>
  <testcase classname="co.ai4lyf.Testcases.LoginTestcases" name="EmailWithPlus" time="17.172"/>
  <system-out/>
  <testcase classname="co.ai4lyf.Testcases.LoginTestcases" name="EmailWithSpecialch1" time="17.692"/>
  <system-out/>
  <testcase classname="co.ai4lyf.Testcases.LoginTestcases" name="EmailWithSpecialch2" time="15.950"/>
  <system-out/>
  <testcase classname="co.ai4lyf.Testcases.LoginTestcases" name="BottomTextVerification" time="11.999"/>
  <system-out/>
  <testcase classname="co.ai4lyf.Testcases.LoginTestcases" name="EmptyEmail" time="12.088"/>
  <system-out/>
  <testcase classname="co.ai4lyf.Testcases.LoginTestcases" name="GetPrivacyPolicy" time="13.031"/>
  <system-out/>
  <testcase classname="co.ai4lyf.Testcases.LoginTestcases" name="GetTermsConditition" time="16.348"/>
  <system-out/>
</testsuite> <!-- co.ai4lyf.Testcases.LoginTestcases -->
