<?xml version="1.0" encoding="UTF-8"?>
<!-- Generated by org.testng.reporters.JUnitReportReporter -->
<testsuite hostname="Alis-MacBook-Pro.local" failures="0" tests="4" name="co.ai4lyf.Testcases.WelComeTestcases" time="37.211" errors="0" timestamp="2024-12-24T19:02:36 PKT" skipped="0">
  <testcase classname="co.ai4lyf.Testcases.WelComeTestcases" name="LogoVerification" time="6.696"/>
  <system-out/>
  <testcase classname="co.ai4lyf.Testcases.WelComeTestcases" name="HeadText" time="9.066"/>
  <system-out/>
  <testcase classname="co.ai4lyf.Testcases.WelComeTestcases" name="ParagraphText" time="11.034"/>
  <system-out/>
  <testcase classname="co.ai4lyf.Testcases.WelComeTestcases" name="GetContinueBtn" time="10.415"/>
  <system-out/>
</testsuite> <!-- co.ai4lyf.Testcases.WelComeTestcases -->
