<?xml version="1.0" encoding="UTF-8"?>
<!-- Generated by org.testng.reporters.JUnitReportReporter -->
<testsuite hostname="Alis-MacBook-Pro.local" failures="0" tests="3" name="co.ai4lyf.Testcases.SpalshTestcases" time="15.797" errors="0" timestamp="2024-12-03T20:23:30 PKT" skipped="0">
  <testcase classname="co.ai4lyf.Testcases.SpalshTestcases" name="LogoVerification" time="6.004"/>
  <testcase classname="co.ai4lyf.Testcases.SpalshTestcases" name="HeadText" time="4.845"/>
  <testcase classname="co.ai4lyf.Testcases.SpalshTestcases" name="ParagraphText" time="4.948"/>
</testsuite> <!-- co.ai4lyf.Testcases.SpalshTestcases -->
