<?xml version="1.0" encoding="UTF-8"?>
<!-- Generated by org.testng.reporters.JUnitReportReporter -->
<testsuite hostname="Alis-MacBook-Pro.local" failures="0" tests="7" name="co.ai4lyf.Testcases.OnBoardingHealLyfTestcases" time="126.971" errors="0" timestamp="2024-12-24T19:02:36 PKT" skipped="0">
  <testcase classname="co.ai4lyf.Testcases.OnBoardingHealLyfTestcases" name="LogoVerification" time="16.442"/>
  <system-out/>
  <testcase classname="co.ai4lyf.Testcases.OnBoardingHealLyfTestcases" name="HeadingVerification" time="13.877"/>
  <system-out/>
  <testcase classname="co.ai4lyf.Testcases.OnBoardingHealLyfTestcases" name="ParaVerification" time="32.660"/>
  <system-out/>
  <testcase classname="co.ai4lyf.Testcases.OnBoardingHealLyfTestcases" name="SkipTextVerification" time="16.248"/>
  <system-out/>
  <testcase classname="co.ai4lyf.Testcases.OnBoardingHealLyfTestcases" name="NextTextVerification" time="13.848"/>
  <system-out/>
  <testcase classname="co.ai4lyf.Testcases.OnBoardingHealLyfTestcases" name="ClickSkip" time="16.065"/>
  <system-out/>
  <testcase classname="co.ai4lyf.Testcases.OnBoardingHealLyfTestcases" name="ClickNext" time="17.831"/>
  <system-out/>
</testsuite> <!-- co.ai4lyf.Testcases.OnBoardingHealLyfTestcases -->
