<?xml version="1.0" encoding="UTF-8"?>
<!-- Generated by org.testng.reporters.JUnitReportReporter -->
<testsuite hostname="Alis-MacBook-Pro.local" failures="0" tests="8" name="co.ai4lyf.Testcases.OnBoardingWaterLogTestcases" time="92.023" errors="0" timestamp="2024-12-24T19:02:36 PKT" skipped="0">
  <testcase classname="co.ai4lyf.Testcases.OnBoardingWaterLogTestcases" name="WaterLogoVerification" time="9.580"/>
  <system-out/>
  <testcase classname="co.ai4lyf.Testcases.OnBoardingWaterLogTestcases" name="HeadText" time="11.302"/>
  <system-out/>
  <testcase classname="co.ai4lyf.Testcases.OnBoardingWaterLogTestcases" name="ParaText1" time="10.517"/>
  <system-out/>
  <testcase classname="co.ai4lyf.Testcases.OnBoardingWaterLogTestcases" name="ParaText2" time="8.970"/>
  <system-out/>
  <testcase classname="co.ai4lyf.Testcases.OnBoardingWaterLogTestcases" name="Skiptext" time="15.082"/>
  <system-out/>
  <testcase classname="co.ai4lyf.Testcases.OnBoardingWaterLogTestcases" name="Nexttext" time="10.038"/>
  <system-out/>
  <testcase classname="co.ai4lyf.Testcases.OnBoardingWaterLogTestcases" name="ClickSkip" time="14.753"/>
  <system-out/>
  <testcase classname="co.ai4lyf.Testcases.OnBoardingWaterLogTestcases" name="ClickNext" time="11.781"/>
  <system-out/>
</testsuite> <!-- co.ai4lyf.Testcases.OnBoardingWaterLogTestcases -->
