<?xml version="1.0" encoding="UTF-8"?>
<!-- Generated by org.testng.reporters.JUnitReportReporter -->
<testsuite hostname="Alis-MacBook-Pro.local" failures="0" tests="8" name="co.ai4lyf.Testcases.OnBoardingNutriTestcases" time="134.734" errors="0" timestamp="2024-12-24T19:02:36 PKT" skipped="0">
  <testcase classname="co.ai4lyf.Testcases.OnBoardingNutriTestcases" name="LogoVerification" time="17.332"/>
  <system-out/>
  <testcase classname="co.ai4lyf.Testcases.OnBoardingNutriTestcases" name="HeadingVerification" time="18.187"/>
  <system-out/>
  <testcase classname="co.ai4lyf.Testcases.OnBoardingNutriTestcases" name="ParaText1Verification" time="14.502"/>
  <system-out/>
  <testcase classname="co.ai4lyf.Testcases.OnBoardingNutriTestcases" name="ParaText2Verification" time="15.687"/>
  <system-out/>
  <testcase classname="co.ai4lyf.Testcases.OnBoardingNutriTestcases" name="SkipTextVerification" time="15.558"/>
  <system-out/>
  <testcase classname="co.ai4lyf.Testcases.OnBoardingNutriTestcases" name="NextTextVerification" time="16.346"/>
  <system-out/>
  <testcase classname="co.ai4lyf.Testcases.OnBoardingNutriTestcases" name="ClickSkip" time="19.342"/>
  <system-out/>
  <testcase classname="co.ai4lyf.Testcases.OnBoardingNutriTestcases" name="ClickNext" time="17.780"/>
  <system-out/>
</testsuite> <!-- co.ai4lyf.Testcases.OnBoardingNutriTestcases -->
